{"contracts/IPNFTContract.sol":{"l":{"30":5,"31":3,"35":3,"42":8,"43":8,"50":1,"51":1,"58":3,"60":3,"61":3,"62":3,"64":3,"66":3,"68":3,"74":2,"76":1,"77":1,"91":1},"path":"/Users/firattale/Desktop/Projects/molecule-ip-nft/backend/contracts/IPNFTContract.sol","s":{"1":5,"2":3,"3":8,"4":1,"5":3,"6":3,"7":3,"8":3,"9":2,"10":1,"11":1,"12":1},"b":{"1":[3,2],"2":[8,1],"3":[1,0],"4":[3,2]},"f":{"1":5,"2":3,"3":8,"4":1,"5":3,"6":2},"fnMap":{"1":{"name":"hasBrightlisted","line":29,"loc":{"start":{"line":29,"column":4},"end":{"line":32,"column":4}}},"2":{"name":"constructor","line":34,"loc":{"start":{"line":34,"column":4},"end":{"line":36,"column":4}}},"3":{"name":"addToBrightlist","line":41,"loc":{"start":{"line":41,"column":4},"end":{"line":44,"column":4}}},"4":{"name":"removeFrombrightlist","line":49,"loc":{"start":{"line":49,"column":4},"end":{"line":52,"column":4}}},"5":{"name":"safeMint","line":57,"loc":{"start":{"line":54,"column":4},"end":{"line":69,"column":4}}},"6":{"name":"tokenURI","line":71,"loc":{"start":{"line":71,"column":4},"end":{"line":98,"column":4}}}},"statementMap":{"1":{"start":{"line":30,"column":8},"end":{"line":30,"column":60}},"2":{"start":{"line":35,"column":8},"end":{"line":35,"column":36}},"3":{"start":{"line":43,"column":8},"end":{"line":43,"column":36}},"4":{"start":{"line":51,"column":8},"end":{"line":51,"column":40}},"5":{"start":{"line":58,"column":8},"end":{"line":58,"column":51}},"6":{"start":{"line":62,"column":8},"end":{"line":62,"column":34}},"7":{"start":{"line":66,"column":8},"end":{"line":66,"column":39}},"8":{"start":{"line":68,"column":8},"end":{"line":68,"column":44}},"9":{"start":{"line":74,"column":8},"end":{"line":74,"column":30}},"10":{"start":{"line":76,"column":8},"end":{"line":76,"column":50}},"11":{"start":{"line":77,"column":8},"end":{"line":77,"column":2288}},"12":{"start":{"line":91,"column":8},"end":{"line":91,"column":2657}}},"branchMap":{"1":{"line":30,"type":"if","locations":[{"start":{"line":30,"column":8},"end":{"line":30,"column":8}},{"start":{"line":30,"column":8},"end":{"line":30,"column":8}}]},"2":{"line":41,"type":"if","locations":[{"start":{"line":41,"column":58},"end":{"line":41,"column":58}},{"start":{"line":41,"column":58},"end":{"line":41,"column":58}}]},"3":{"line":49,"type":"if","locations":[{"start":{"line":49,"column":63},"end":{"line":49,"column":63}},{"start":{"line":49,"column":63},"end":{"line":49,"column":63}}]},"4":{"line":57,"type":"if","locations":[{"start":{"line":57,"column":13},"end":{"line":57,"column":13}},{"start":{"line":57,"column":13},"end":{"line":57,"column":13}}]}}}}